[21:19:09] Using gulpfile ~/project/hoeitoong/gulpfile.js
[21:19:09] Starting 'default'...
[21:19:09] Finished 'default' after 28 ms
[21:19:15] Using gulpfile ~/project/hoeitoong/gulpfile.js
[21:19:15] Starting 'default'...
[21:19:15] Finished 'default' after 22 ms
[21:19:34] Starting 'scss'...
[21:19:34] Finished 'scss' after 54 ms
[21:24:00] Starting 'scss'...
[21:24:00] Finished 'scss' after 29 ms
[21:24:47] Starting 'scss'...
[21:24:47] Finished 'scss' after 20 ms
[21:59:23] Starting 'scss'...
[21:59:23] Finished 'scss' after 24 ms
[22:03:59] Starting 'scss'...
[22:03:59] Finished 'scss' after 21 ms
[22:05:26] Starting 'scss'...
[22:05:26] Finished 'scss' after 19 ms
[22:05:27] Starting 'scss'...
[22:05:27] Finished 'scss' after 30 ms
[22:05:31] Starting 'scss'...
[22:05:31] Finished 'scss' after 17 ms
[22:05:35] Starting 'scss'...
[22:05:35] Finished 'scss' after 17 ms
[22:05:41] Starting 'scss'...
[22:05:41] Finished 'scss' after 25 ms
[22:06:48] Starting 'scss'...
[22:06:48] Finished 'scss' after 16 ms
[22:34:23] Starting 'scss'...
[22:34:23] Finished 'scss' after 19 ms
[22:34:32] Starting 'scss'...
[22:34:32] Finished 'scss' after 20 ms
[22:34:36] Starting 'scss'...
[22:34:36] Finished 'scss' after 16 ms
[22:34:47] Starting 'scss'...
[22:34:47] Finished 'scss' after 16 ms
[22:57:41] Starting 'scss'...
[22:57:41] Finished 'scss' after 18 ms
[22:57:58] Starting 'scss'...
[22:57:58] Finished 'scss' after 14 ms
[22:58:33] Starting 'scss'...
[22:58:33] Finished 'scss' after 18 ms
[22:58:41] Starting 'scss'...
[22:58:41] Finished 'scss' after 31 ms
[22:58:46] Starting 'scss'...
[22:58:46] Finished 'scss' after 14 ms
[23:31:11] Starting 'scss'...
[23:31:11] Finished 'scss' after 14 ms
[23:31:19] Starting 'scss'...
[23:31:19] Finished 'scss' after 13 ms
[23:31:51] Starting 'scss'...
[23:31:51] Finished 'scss' after 14 ms
[23:31:56] Starting 'scss'...
[23:31:56] Finished 'scss' after 13 ms
[23:51:30] Starting 'scss'...
[23:51:30] Finished 'scss' after 18 ms
[23:51:47] Starting 'scss'...
[23:51:47] Finished 'scss' after 16 ms
[23:52:10] Starting 'scss'...
[23:52:10] Finished 'scss' after 22 ms
[23:53:20] Starting 'scss'...
[23:53:20] Finished 'scss' after 14 ms
[23:53:46] Starting 'scss'...
[23:53:46] Finished 'scss' after 14 ms
[23:54:41] Starting 'scss'...
[23:54:41] Finished 'scss' after 13 ms
[23:54:45] Starting 'scss'...
[23:54:45] Finished 'scss' after 15 ms
[23:54:48] Starting 'scss'...
[23:54:49] Finished 'scss' after 17 ms
[23:55:33] Starting 'scss'...
[23:55:33] Finished 'scss' after 15 ms
[23:55:37] Starting 'scss'...
[23:55:37] Finished 'scss' after 14 ms
[00:14:15] Starting 'scss'...
[00:14:15] Finished 'scss' after 13 ms
[00:14:16] Starting 'scss'...
[00:14:16] Finished 'scss' after 15 ms
[02:37:13] Starting 'scss'...
[02:37:13] Finished 'scss' after 14 ms
[02:37:19] Starting 'scss'...
[02:37:19] Finished 'scss' after 14 ms
[02:37:43] Starting 'scss'...
[02:37:43] Finished 'scss' after 13 ms
